<?xml version="1.0" encoding="UTF-8"?>
<testng-results skipped="0" failed="0" ignored="0" total="0" passed="0">
  <reporter-output>
  </reporter-output>
  <suite name="Surefire suite" duration-ms="31569" started-at="2023-06-12T23:46:18 AEST" finished-at="2023-06-12T23:46:49 AEST">
    <groups>
    </groups>
    <test name="Surefire test" duration-ms="31569" started-at="2023-06-12T23:46:18 AEST" finished-at="2023-06-12T23:46:49 AEST">
    </test> <!-- Surefire test -->
  </suite> <!-- Surefire suite -->
</testng-results>
